Trebuie sa fie .txt + .wav in data
Fisierele tb sa fie convertite 10KHz mono
txt se poate converti in lab cu make_lab.php
make_lab.php este inclus in acest script, dar e posibil sa fie comentat

Rulare recomandata:
php run.php 2>&1 | tee run.log

Press enter

==================================================
START voice aligner ...
--------------------------------------------------
	Creating directories ... ok.
	Creating word.list file ... ok.
	Creating blizzard_toshiba.dict file from word.list file ... INFO: Reading mlpla_lts.conf...
INFO: Step LTS is performed using com.ineo.nlp.language.baseprocessors.BasicLTS
INFO: done
INFO: Processing ../../word.list file...
INFO: Transcribed 9567 words
ok
	Creating phone0.list and blizzard_toshiba.list files ... HDMan -m -w word.list -n phone0.list blizzard_toshiba.list blizzard_toshiba.dict
ok
	Creating phone1.list and blizzard_toshiba.list files ... HDMan -m -w word.list -n phone1.list blizzard_toshiba.list blizzard_toshiba.dict
ok
	Creating phone0.list file and fix phone1.list file ... 'a''b''d''o''m''e''n''u''l''i''@''j''t''ts''r''z''p''s''k''ch''w''e@''sh''ij''v''f''a@''g''h''dz''zh''o@'ok
	Creating master label file word0.mlf ... ok
	Creating phone0.mlf MKPHone MLF files ... HLEd -l 'mfc/' -d blizzard_toshiba.list -i phone0.mlf resources/mkPhones0.led word0.mlf
ok
	Creating training list file train.scp ... ok
	Creating MFCCs using resources/train.cfg, train.scp files ... ok
Initializing the model...
--------------------------------------------------
	Creating training mfc file train.mfc.scp ... ok
	Initialize HMM ... ok
Beginning the first round of estimation...
Iteration 1 ...
Iteration 2 ...
Iteration 3 ...
Iteration 4 ...
Iteration 5 ...
Fixing the silence models...
HLEd -l 'data/' -d blizzard_toshiba.list -i phone1.mlf resources/mkPhones1.led word0.mlf
Beginning the second round of estimation...
Iteration 7 ...
Iteration 8 ...
Iteration 9 ...
Realigning data...
9
Beginning the third round of estimation...
Iteration 10 ...
Iteration 11 ...
Iteration 12 ...
Iteration 13 ...
Iteration 14 ...
Iteration 15 ...
Iteration 16 ...
Iteration 17 ...
Iteration 18 ...
Iteration 19 ...
Printing out final alignments...
Extracting .phs files...

--------------------------------------------------
Voice aligner END
==================================================


